==3680236== Memcheck, a memory error detector
==3680236== Copyright (C) 2002-2017, and GNU GPL'd, by Julian Seward et al.
==3680236== Using Valgrind-3.18.1 and LibVEX; rerun with -h for copyright info
==3680236== Command: ./ircserv 6667 pwd
==3680236== Parent PID: 3680230
==3680236== 
==3680236== 
==3680236== Process terminating with default action of signal 13 (SIGPIPE)
==3680236==    at 0x4CB9A37: write (write.c:26)
==3680236==    by 0x4C2FF6C: _IO_file_write@@GLIBC_2.2.5 (fileops.c:1180)
==3680236==    by 0x4C31A60: new_do_write (fileops.c:448)
==3680236==    by 0x4C31A60: _IO_new_do_write (fileops.c:425)
==3680236==    by 0x4C31A60: _IO_do_write@@GLIBC_2.2.5 (fileops.c:422)
==3680236==    by 0x4C2F557: _IO_file_sync@@GLIBC_2.2.5 (fileops.c:798)
==3680236==    by 0x4C24229: fflush (iofflush.c:40)
==3680236==    by 0x49AFE15: std::ostream::flush() (in /usr/lib/x86_64-linux-gnu/libstdc++.so.6.0.30)
==3680236==    by 0x4467FF: signalHandler(int) (utils.cpp:167)
==3680236==    by 0x4BE751F: ??? (in /usr/lib/x86_64-linux-gnu/libc.so.6)
==3680236==    by 0x4CCAF99: epoll_wait (epoll_wait.c:30)
==3680236==    by 0x405D79: Server::launch(int const&, std::__cxx11::basic_string<char, std::char_traits<char>, std::allocator<char> > const&, std::__cxx11::basic_string<char, std::char_traits<char>, std::allocator<char> > const&) (Server.cpp:75)
==3680236==    by 0x405077: main (main.cpp:24)
==3680236== 
==3680236== HEAP SUMMARY:
==3680236==     in use at exit: 78,599 bytes in 33 blocks
==3680236==   total heap usage: 608 allocs, 575 frees, 124,181 bytes allocated
==3680236== 
==3680236== LEAK SUMMARY:
==3680236==    definitely lost: 0 bytes in 0 blocks
==3680236==    indirectly lost: 0 bytes in 0 blocks
==3680236==      possibly lost: 0 bytes in 0 blocks
==3680236==    still reachable: 78,599 bytes in 33 blocks
==3680236==         suppressed: 0 bytes in 0 blocks
==3680236== Reachable blocks (those to which a pointer was found) are not shown.
==3680236== To see them, rerun with: --leak-check=full --show-leak-kinds=all
==3680236== 
==3680236== For lists of detected and suppressed errors, rerun with: -s
==3680236== ERROR SUMMARY: 0 errors from 0 contexts (suppressed: 0 from 0)
