1683722545.801202 client started (300290): version 3.2a, socket /tmp/tmux-1000/default, protocol 8
1683722545.801261 on Linux 6.2.0-76060200-generic #202302191831~1677858327~22.04~3cea1be SMP PREEMPT_DYNAMIC Fri M
1683722545.801276 using libevent 2.1.12-stable (poll); ncurses 6.3
1683722545.801383 flags are 0x18010000
1683722545.801403 socket is /tmp/tmux-1000/default
1683722545.801431 trying connect
1683722545.801462 connect failed: Connection refused
1683722545.801486 lock file is /tmp/tmux-1000/default.lock
1683722545.801552 flock succeeded
1683722545.801565 got lock (6)
1683722545.801584 trying connect
1683722545.801606 connect failed: Connection refused
1683722545.802141 add peer 0x556a52d9eed0: 7 ((nil))
1683722545.802976 sending message 100 to peer 0x556a52d9eed0 (4 bytes)
1683722545.802992 sending message 111 to peer 0x556a52d9eed0 (8 bytes)
1683722545.803000 sending message 101 to peer 0x556a52d9eed0 (15 bytes)
1683722545.803006 sending message 109 to peer 0x556a52d9eed0 (4 bytes)
1683722545.803013 sending message 102 to peer 0x556a52d9eed0 (12 bytes)
1683722545.803023 sending message 108 to peer 0x556a52d9eed0 (30 bytes)
1683722545.803031 sending message 112 to peer 0x556a52d9eed0 (58 bytes)
1683722545.803038 sending message 112 to peer 0x556a52d9eed0 (5 bytes)
1683722545.803045 sending message 112 to peer 0x556a52d9eed0 (5 bytes)
1683722545.803051 sending message 112 to peer 0x556a52d9eed0 (6 bytes)
1683722545.803058 sending message 112 to peer 0x556a52d9eed0 (6 bytes)
1683722545.803064 sending message 112 to peer 0x556a52d9eed0 (11 bytes)
1683722545.803071 sending message 112 to peer 0x556a52d9eed0 (10 bytes)
1683722545.803077 sending message 112 to peer 0x556a52d9eed0 (13 bytes)
1683722545.803084 sending message 112 to peer 0x556a52d9eed0 (14 bytes)
1683722545.803090 sending message 112 to peer 0x556a52d9eed0 (19 bytes)
1683722545.803097 sending message 112 to peer 0x556a52d9eed0 (11 bytes)
1683722545.803103 sending message 112 to peer 0x556a52d9eed0 (10 bytes)
1683722545.803110 sending message 112 to peer 0x556a52d9eed0 (15 bytes)
1683722545.803116 sending message 112 to peer 0x556a52d9eed0 (21 bytes)
1683722545.803122 sending message 112 to peer 0x556a52d9eed0 (13 bytes)
1683722545.803134 sending message 112 to peer 0x556a52d9eed0 (7 bytes)
1683722545.803149 sending message 112 to peer 0x556a52d9eed0 (13 bytes)
1683722545.803161 sending message 112 to peer 0x556a52d9eed0 (7 bytes)
1683722545.803169 sending message 112 to peer 0x556a52d9eed0 (13 bytes)
1683722545.803176 sending message 112 to peer 0x556a52d9eed0 (9 bytes)
1683722545.803183 sending message 112 to peer 0x556a52d9eed0 (21 bytes)
1683722545.803195 sending message 112 to peer 0x556a52d9eed0 (13 bytes)
1683722545.803209 sending message 112 to peer 0x556a52d9eed0 (9 bytes)
1683722545.803223 sending message 112 to peer 0x556a52d9eed0 (16 bytes)
1683722545.803249 sending message 112 to peer 0x556a52d9eed0 (13 bytes)
1683722545.803260 sending message 112 to peer 0x556a52d9eed0 (9 bytes)
1683722545.803270 sending message 112 to peer 0x556a52d9eed0 (9 bytes)
1683722545.803280 sending message 112 to peer 0x556a52d9eed0 (12 bytes)
1683722545.803291 sending message 112 to peer 0x556a52d9eed0 (8 bytes)
1683722545.803305 sending message 112 to peer 0x556a52d9eed0 (8 bytes)
1683722545.803319 sending message 112 to peer 0x556a52d9eed0 (13 bytes)
1683722545.803332 sending message 112 to peer 0x556a52d9eed0 (7 bytes)
1683722545.803346 sending message 112 to peer 0x556a52d9eed0 (7 bytes)
1683722545.803360 sending message 112 to peer 0x556a52d9eed0 (9 bytes)
1683722545.803373 sending message 112 to peer 0x556a52d9eed0 (9 bytes)
1683722545.803386 sending message 112 to peer 0x556a52d9eed0 (15 bytes)
1683722545.803400 sending message 112 to peer 0x556a52d9eed0 (13 bytes)
1683722545.803414 sending message 112 to peer 0x556a52d9eed0 (12 bytes)
1683722545.803428 sending message 112 to peer 0x556a52d9eed0 (8 bytes)
1683722545.803439 sending message 112 to peer 0x556a52d9eed0 (14 bytes)
1683722545.803449 sending message 112 to peer 0x556a52d9eed0 (11 bytes)
1683722545.803459 sending message 112 to peer 0x556a52d9eed0 (9 bytes)
1683722545.803480 sending message 112 to peer 0x556a52d9eed0 (10 bytes)
1683722545.803491 sending message 112 to peer 0x556a52d9eed0 (10 bytes)
1683722545.803501 sending message 112 to peer 0x556a52d9eed0 (10 bytes)
1683722545.803511 sending message 112 to peer 0x556a52d9eed0 (10 bytes)
1683722545.803521 sending message 112 to peer 0x556a52d9eed0 (11 bytes)
1683722545.803531 sending message 112 to peer 0x556a52d9eed0 (12 bytes)
1683722545.803541 sending message 112 to peer 0x556a52d9eed0 (12 bytes)
1683722545.803551 sending message 112 to peer 0x556a52d9eed0 (12 bytes)
1683722545.803562 sending message 112 to peer 0x556a52d9eed0 (12 bytes)
1683722545.803575 sending message 112 to peer 0x556a52d9eed0 (12 bytes)
1683722545.803586 sending message 112 to peer 0x556a52d9eed0 (11 bytes)
1683722545.803595 sending message 112 to peer 0x556a52d9eed0 (11 bytes)
1683722545.803608 sending message 112 to peer 0x556a52d9eed0 (12 bytes)
1683722545.803618 sending message 112 to peer 0x556a52d9eed0 (12 bytes)
1683722545.803625 sending message 112 to peer 0x556a52d9eed0 (12 bytes)
1683722545.803632 sending message 112 to peer 0x556a52d9eed0 (12 bytes)
1683722545.803639 sending message 112 to peer 0x556a52d9eed0 (12 bytes)
1683722545.803646 sending message 112 to peer 0x556a52d9eed0 (9 bytes)
1683722545.803653 sending message 112 to peer 0x556a52d9eed0 (12 bytes)
1683722545.803660 sending message 112 to peer 0x556a52d9eed0 (13 bytes)
1683722545.803666 sending message 112 to peer 0x556a52d9eed0 (13 bytes)
1683722545.803674 sending message 112 to peer 0x556a52d9eed0 (13 bytes)
1683722545.803681 sending message 112 to peer 0x556a52d9eed0 (13 bytes)
1683722545.803687 sending message 112 to peer 0x556a52d9eed0 (13 bytes)
1683722545.803694 sending message 112 to peer 0x556a52d9eed0 (8 bytes)
1683722545.803701 sending message 112 to peer 0x556a52d9eed0 (11 bytes)
1683722545.803707 sending message 112 to peer 0x556a52d9eed0 (11 bytes)
1683722545.803714 sending message 112 to peer 0x556a52d9eed0 (11 bytes)
1683722545.803721 sending message 112 to peer 0x556a52d9eed0 (12 bytes)
1683722545.803728 sending message 112 to peer 0x556a52d9eed0 (12 bytes)
1683722545.803735 sending message 112 to peer 0x556a52d9eed0 (12 bytes)
1683722545.803742 sending message 112 to peer 0x556a52d9eed0 (12 bytes)
1683722545.803749 sending message 112 to peer 0x556a52d9eed0 (13 bytes)
1683722545.803755 sending message 112 to peer 0x556a52d9eed0 (13 bytes)
1683722545.803762 sending message 112 to peer 0x556a52d9eed0 (13 bytes)
1683722545.803769 sending message 112 to peer 0x556a52d9eed0 (8 bytes)
1683722545.803775 sending message 112 to peer 0x556a52d9eed0 (13 bytes)
1683722545.803782 sending message 112 to peer 0x556a52d9eed0 (13 bytes)
1683722545.803789 sending message 112 to peer 0x556a52d9eed0 (13 bytes)
1683722545.803795 sending message 112 to peer 0x556a52d9eed0 (13 bytes)
1683722545.803802 sending message 112 to peer 0x556a52d9eed0 (13 bytes)
1683722545.803808 sending message 112 to peer 0x556a52d9eed0 (12 bytes)
1683722545.803815 sending message 112 to peer 0x556a52d9eed0 (12 bytes)
1683722545.803822 sending message 112 to peer 0x556a52d9eed0 (12 bytes)
1683722545.803828 sending message 112 to peer 0x556a52d9eed0 (12 bytes)
1683722545.803835 sending message 112 to peer 0x556a52d9eed0 (13 bytes)
1683722545.803842 sending message 112 to peer 0x556a52d9eed0 (8 bytes)
1683722545.803849 sending message 112 to peer 0x556a52d9eed0 (13 bytes)
1683722545.803856 sending message 112 to peer 0x556a52d9eed0 (13 bytes)
1683722545.803862 sending message 112 to peer 0x556a52d9eed0 (13 bytes)
1683722545.803869 sending message 112 to peer 0x556a52d9eed0 (13 bytes)
1683722545.803876 sending message 112 to peer 0x556a52d9eed0 (13 bytes)
1683722545.803882 sending message 112 to peer 0x556a52d9eed0 (13 bytes)
1683722545.803889 sending message 112 to peer 0x556a52d9eed0 (13 bytes)
1683722545.803895 sending message 112 to peer 0x556a52d9eed0 (12 bytes)
1683722545.803902 sending message 112 to peer 0x556a52d9eed0 (12 bytes)
1683722545.803909 sending message 112 to peer 0x556a52d9eed0 (12 bytes)
1683722545.803923 sending message 112 to peer 0x556a52d9eed0 (8 bytes)
1683722545.803929 sending message 112 to peer 0x556a52d9eed0 (12 bytes)
1683722545.803936 sending message 112 to peer 0x556a52d9eed0 (13 bytes)
1683722545.803943 sending message 112 to peer 0x556a52d9eed0 (13 bytes)
1683722545.803950 sending message 112 to peer 0x556a52d9eed0 (13 bytes)
1683722545.803957 sending message 112 to peer 0x556a52d9eed0 (13 bytes)
1683722545.803964 sending message 112 to peer 0x556a52d9eed0 (13 bytes)
1683722545.803970 sending message 112 to peer 0x556a52d9eed0 (13 bytes)
1683722545.803977 sending message 112 to peer 0x556a52d9eed0 (13 bytes)
1683722545.803984 sending message 112 to peer 0x556a52d9eed0 (13 bytes)
1683722545.803990 sending message 112 to peer 0x556a52d9eed0 (12 bytes)
1683722545.803997 sending message 112 to peer 0x556a52d9eed0 (10 bytes)
1683722545.804003 sending message 112 to peer 0x556a52d9eed0 (12 bytes)
1683722545.804010 sending message 112 to peer 0x556a52d9eed0 (12 bytes)
1683722545.804016 sending message 112 to peer 0x556a52d9eed0 (12 bytes)
1683722545.804023 sending message 112 to peer 0x556a52d9eed0 (13 bytes)
1683722545.804029 sending message 112 to peer 0x556a52d9eed0 (13 bytes)
1683722545.804036 sending message 112 to peer 0x556a52d9eed0 (13 bytes)
1683722545.804043 sending message 112 to peer 0x556a52d9eed0 (13 bytes)
1683722545.804049 sending message 112 to peer 0x556a52d9eed0 (13 bytes)
1683722545.804056 sending message 112 to peer 0x556a52d9eed0 (13 bytes)
1683722545.804063 sending message 112 to peer 0x556a52d9eed0 (13 bytes)
1683722545.804070 sending message 112 to peer 0x556a52d9eed0 (10 bytes)
1683722545.804077 sending message 112 to peer 0x556a52d9eed0 (13 bytes)
1683722545.804084 sending message 112 to peer 0x556a52d9eed0 (12 bytes)
1683722545.804091 sending message 112 to peer 0x556a52d9eed0 (12 bytes)
1683722545.804099 sending message 112 to peer 0x556a52d9eed0 (12 bytes)
1683722545.804105 sending message 112 to peer 0x556a52d9eed0 (10 bytes)
1683722545.804112 sending message 112 to peer 0x556a52d9eed0 (10 bytes)
1683722545.804118 sending message 112 to peer 0x556a52d9eed0 (10 bytes)
1683722545.804125 sending message 112 to peer 0x556a52d9eed0 (12 bytes)
1683722545.804132 sending message 112 to peer 0x556a52d9eed0 (13 bytes)
1683722545.804139 sending message 112 to peer 0x556a52d9eed0 (13 bytes)
1683722545.804145 sending message 112 to peer 0x556a52d9eed0 (13 bytes)
1683722545.804152 sending message 112 to peer 0x556a52d9eed0 (13 bytes)
1683722545.804159 sending message 112 to peer 0x556a52d9eed0 (13 bytes)
1683722545.804166 sending message 112 to peer 0x556a52d9eed0 (10 bytes)
1683722545.804177 sending message 112 to peer 0x556a52d9eed0 (11 bytes)
1683722545.804188 sending message 112 to peer 0x556a52d9eed0 (12 bytes)
1683722545.804197 sending message 112 to peer 0x556a52d9eed0 (12 bytes)
1683722545.804206 sending message 112 to peer 0x556a52d9eed0 (12 bytes)
1683722545.804216 sending message 112 to peer 0x556a52d9eed0 (12 bytes)
1683722545.804225 sending message 112 to peer 0x556a52d9eed0 (12 bytes)
1683722545.804234 sending message 112 to peer 0x556a52d9eed0 (11 bytes)
1683722545.804243 sending message 112 to peer 0x556a52d9eed0 (12 bytes)
1683722545.804252 sending message 112 to peer 0x556a52d9eed0 (12 bytes)
1683722545.804262 sending message 112 to peer 0x556a52d9eed0 (13 bytes)
1683722545.804272 sending message 112 to peer 0x556a52d9eed0 (13 bytes)
1683722545.804282 sending message 112 to peer 0x556a52d9eed0 (13 bytes)
1683722545.804295 sending message 112 to peer 0x556a52d9eed0 (13 bytes)
1683722545.804306 sending message 112 to peer 0x556a52d9eed0 (13 bytes)
1683722545.804313 sending message 112 to peer 0x556a52d9eed0 (10 bytes)
1683722545.804320 sending message 112 to peer 0x556a52d9eed0 (9 bytes)
1683722545.804327 sending message 112 to peer 0x556a52d9eed0 (12 bytes)
1683722545.804333 sending message 112 to peer 0x556a52d9eed0 (13 bytes)
1683722545.804340 sending message 112 to peer 0x556a52d9eed0 (13 bytes)
1683722545.804347 sending message 112 to peer 0x556a52d9eed0 (13 bytes)
1683722545.804362 sending message 112 to peer 0x556a52d9eed0 (13 bytes)
1683722545.804370 sending message 112 to peer 0x556a52d9eed0 (13 bytes)
1683722545.804377 sending message 112 to peer 0x556a52d9eed0 (9 bytes)
1683722545.804383 sending message 112 to peer 0x556a52d9eed0 (12 bytes)
1683722545.804391 sending message 112 to peer 0x556a52d9eed0 (13 bytes)
1683722545.804398 sending message 112 to peer 0x556a52d9eed0 (13 bytes)
1683722545.804405 sending message 112 to peer 0x556a52d9eed0 (13 bytes)
1683722545.804412 sending message 112 to peer 0x556a52d9eed0 (13 bytes)
1683722545.804419 sending message 112 to peer 0x556a52d9eed0 (13 bytes)
1683722545.804431 sending message 112 to peer 0x556a52d9eed0 (11 bytes)
1683722545.804438 sending message 112 to peer 0x556a52d9eed0 (12 bytes)
1683722545.804445 sending message 112 to peer 0x556a52d9eed0 (13 bytes)
1683722545.804452 sending message 112 to peer 0x556a52d9eed0 (13 bytes)
1683722545.804459 sending message 112 to peer 0x556a52d9eed0 (13 bytes)
1683722545.804466 sending message 112 to peer 0x556a52d9eed0 (13 bytes)
1683722545.804472 sending message 112 to peer 0x556a52d9eed0 (13 bytes)
1683722545.804479 sending message 112 to peer 0x556a52d9eed0 (11 bytes)
1683722545.804486 sending message 112 to peer 0x556a52d9eed0 (12 bytes)
1683722545.804492 sending message 112 to peer 0x556a52d9eed0 (12 bytes)
1683722545.804498 sending message 112 to peer 0x556a52d9eed0 (12 bytes)
1683722545.804505 sending message 112 to peer 0x556a52d9eed0 (12 bytes)
1683722545.804512 sending message 112 to peer 0x556a52d9eed0 (12 bytes)
1683722545.804519 sending message 112 to peer 0x556a52d9eed0 (21 bytes)
1683722545.804525 sending message 112 to peer 0x556a52d9eed0 (12 bytes)
1683722545.804532 sending message 112 to peer 0x556a52d9eed0 (9 bytes)
1683722545.804546 sending message 112 to peer 0x556a52d9eed0 (6 bytes)
1683722545.804553 sending message 112 to peer 0x556a52d9eed0 (13 bytes)
1683722545.804560 sending message 112 to peer 0x556a52d9eed0 (10 bytes)
1683722545.804566 sending message 112 to peer 0x556a52d9eed0 (24 bytes)
1683722545.804573 sending message 112 to peer 0x556a52d9eed0 (13 bytes)
1683722545.804579 sending message 112 to peer 0x556a52d9eed0 (9 bytes)
1683722545.804586 sending message 112 to peer 0x556a52d9eed0 (70 bytes)
1683722545.804593 sending message 112 to peer 0x556a52d9eed0 (69 bytes)
1683722545.804600 sending message 112 to peer 0x556a52d9eed0 (12 bytes)
1683722545.804606 sending message 112 to peer 0x556a52d9eed0 (10 bytes)
1683722545.804613 sending message 112 to peer 0x556a52d9eed0 (10 bytes)
1683722545.804619 sending message 112 to peer 0x556a52d9eed0 (24 bytes)
1683722545.804626 sending message 112 to peer 0x556a52d9eed0 (13 bytes)
1683722545.804633 sending message 112 to peer 0x556a52d9eed0 (10 bytes)
1683722545.804640 sending message 112 to peer 0x556a52d9eed0 (10 bytes)
1683722545.804647 sending message 112 to peer 0x556a52d9eed0 (10 bytes)
1683722545.804657 sending message 112 to peer 0x556a52d9eed0 (13 bytes)
1683722545.804664 sending message 112 to peer 0x556a52d9eed0 (15 bytes)
1683722545.804670 sending message 112 to peer 0x556a52d9eed0 (5 bytes)
1683722545.804679 sending message 104 to peer 0x556a52d9eed0 (0 bytes)
1683722545.804686 sending message 110 to peer 0x556a52d9eed0 (0 bytes)
1683722545.804694 sending message 107 to peer 0x556a52d9eed0 (4 bytes)
1683722545.804701 sending message 105 to peer 0x556a52d9eed0 (33 bytes)
1683722545.804708 sending message 105 to peer 0x556a52d9eed0 (12 bytes)
1683722545.804714 sending message 105 to peer 0x556a52d9eed0 (21 bytes)
1683722545.804721 sending message 105 to peer 0x556a52d9eed0 (8 bytes)
1683722545.804728 sending message 105 to peer 0x556a52d9eed0 (18 bytes)
1683722545.804734 sending message 105 to peer 0x556a52d9eed0 (20 bytes)
1683722545.804740 sending message 105 to peer 0x556a52d9eed0 (63 bytes)
1683722545.804747 sending message 105 to peer 0x556a52d9eed0 (28 bytes)
1683722545.804754 sending message 105 to peer 0x556a52d9eed0 (29 bytes)
1683722545.804761 sending message 105 to peer 0x556a52d9eed0 (16 bytes)
1683722545.804776 sending message 105 to peer 0x556a52d9eed0 (22 bytes)
1683722545.804783 sending message 105 to peer 0x556a52d9eed0 (54 bytes)
1683722545.804790 sending message 105 to peer 0x556a52d9eed0 (35 bytes)
1683722545.804796 sending message 105 to peer 0x556a52d9eed0 (51 bytes)
1683722545.804803 sending message 105 to peer 0x556a52d9eed0 (15 bytes)
1683722545.804809 sending message 105 to peer 0x556a52d9eed0 (19 bytes)
1683722545.804816 sending message 105 to peer 0x556a52d9eed0 (23 bytes)
1683722545.804822 sending message 105 to peer 0x556a52d9eed0 (48 bytes)
1683722545.804829 sending message 105 to peer 0x556a52d9eed0 (23 bytes)
1683722545.804835 sending message 105 to peer 0x556a52d9eed0 (16 bytes)
1683722545.804841 sending message 105 to peer 0x556a52d9eed0 (44 bytes)
1683722545.804848 sending message 105 to peer 0x556a52d9eed0 (13 bytes)
1683722545.804855 sending message 105 to peer 0x556a52d9eed0 (134 bytes)
1683722545.804862 sending message 105 to peer 0x556a52d9eed0 (82 bytes)
1683722545.804873 sending message 105 to peer 0x556a52d9eed0 (47 bytes)
1683722545.804880 sending message 105 to peer 0x556a52d9eed0 (31 bytes)
1683722545.804886 sending message 105 to peer 0x556a52d9eed0 (23 bytes)
1683722545.804893 sending message 105 to peer 0x556a52d9eed0 (11 bytes)
1683722545.804900 sending message 105 to peer 0x556a52d9eed0 (17 bytes)
1683722545.804906 sending message 105 to peer 0x556a52d9eed0 (26 bytes)
1683722545.804913 sending message 105 to peer 0x556a52d9eed0 (41 bytes)
1683722545.804919 sending message 105 to peer 0x556a52d9eed0 (24 bytes)
1683722545.804926 sending message 105 to peer 0x556a52d9eed0 (20 bytes)
1683722545.804932 sending message 105 to peer 0x556a52d9eed0 (33 bytes)
1683722545.804939 sending message 105 to peer 0x556a52d9eed0 (41 bytes)
1683722545.804945 sending message 105 to peer 0x556a52d9eed0 (19 bytes)
1683722545.804952 sending message 105 to peer 0x556a52d9eed0 (19 bytes)
1683722545.804958 sending message 105 to peer 0x556a52d9eed0 (15 bytes)
1683722545.804965 sending message 105 to peer 0x556a52d9eed0 (52 bytes)
1683722545.804975 sending message 105 to peer 0x556a52d9eed0 (24 bytes)
1683722545.804983 sending message 105 to peer 0x556a52d9eed0 (18 bytes)
1683722545.804989 sending message 105 to peer 0x556a52d9eed0 (34 bytes)
1683722545.804996 sending message 105 to peer 0x556a52d9eed0 (178 bytes)
1683722545.805003 sending message 105 to peer 0x556a52d9eed0 (42 bytes)
1683722545.805010 sending message 105 to peer 0x556a52d9eed0 (40 bytes)
1683722545.805016 sending message 105 to peer 0x556a52d9eed0 (39 bytes)
1683722545.805023 sending message 105 to peer 0x556a52d9eed0 (16 bytes)
1683722545.805029 sending message 105 to peer 0x556a52d9eed0 (37 bytes)
1683722545.805036 sending message 105 to peer 0x556a52d9eed0 (28 bytes)
1683722545.805043 sending message 105 to peer 0x556a52d9eed0 (11 bytes)
1683722545.805049 sending message 105 to peer 0x556a52d9eed0 (8 bytes)
1683722545.805056 sending message 105 to peer 0x556a52d9eed0 (32 bytes)
1683722545.805062 sending message 105 to peer 0x556a52d9eed0 (16 bytes)
1683722545.805069 sending message 105 to peer 0x556a52d9eed0 (20 bytes)
1683722545.805078 sending message 105 to peer 0x556a52d9eed0 (28 bytes)
1683722545.805085 sending message 105 to peer 0x556a52d9eed0 (20 bytes)
1683722545.805092 sending message 105 to peer 0x556a52d9eed0 (73 bytes)
1683722545.805099 sending message 105 to peer 0x556a52d9eed0 (45 bytes)
1683722545.805105 sending message 105 to peer 0x556a52d9eed0 (63 bytes)
1683722545.805112 sending message 105 to peer 0x556a52d9eed0 (90 bytes)
1683722545.805118 sending message 105 to peer 0x556a52d9eed0 (64 bytes)
1683722545.805125 sending message 105 to peer 0x556a52d9eed0 (19 bytes)
1683722545.805132 sending message 105 to peer 0x556a52d9eed0 (21 bytes)
1683722545.805138 sending message 105 to peer 0x556a52d9eed0 (26 bytes)
1683722545.805145 sending message 105 to peer 0x556a52d9eed0 (20 bytes)
1683722545.805152 sending message 105 to peer 0x556a52d9eed0 (1519 bytes)
1683722545.805192 sending message 106 to peer 0x556a52d9eed0 (0 bytes)
1683722545.805206 sending message 200 to peer 0x556a52d9eed0 (4 bytes)
1683722545.805213 client loop enter
1683722545.805274 client_signal: Child exited
1683722545.902036 peer 0x556a52d9eed0 message 207
1683722545.902052 sending message 208 to peer 0x556a52d9eed0 (0 bytes)
1683722553.009527 peer 0x556a52d9eed0 message 203
1683722553.009539 sending message 205 to peer 0x556a52d9eed0 (0 bytes)
1683722553.010207 peer 0x556a52d9eed0 message 204
1683722553.010218 client loop exit
