:pouetMania 001 nickname :Welcome to the pouetMania Network, nickname

Constructing client with socket 6
ADDING CLIENT :6
TOTAL CLIENTS :1

             [2m#0[0m
************ Received from client **********

[1m[[0m[2mRequest[0m[1m][0m
[35mCAP LS
PASS pwd
NICK jee
USER jhpark jhpark localhost :Jee Hyun Park
[0m
[1m[[0m[2mHandling[0m[1m][0m
CAP LS
command: CAP
request: LS
PASS pwd
command: PASS
request: pwd
[30;43mPassword sent[0mpwd
NICK jee
command: NICK
request: jee
USER jhpark jhpark localhost :Jee Hyun Park
command: USER
request: jhpark jhpark localhost :Jee Hyun Park
[31mUsername : [0mjhpark | Realname : Jee Hyun Park

client no.0: jee[2m	[6][0m
********************************************

             [2m#1[0m
************ Received from client **********

[1m[[0m[2mRequest[0m[1m][0m
[35mMODE jee +i
MODE jee +i
[0m
[1m[[0m[2mHandling[0m[1m][0m
MODE jee +i
command: MODE
request: jee +i
MODE jee +i
command: MODE
request: jee +i

client no.0: jee[2m	[6][0m
********************************************
Constructing client with socket 7
ADDING CLIENT :7
TOTAL CLIENTS :2

             [2m#2[0m
************ Received from client **********

[1m[[0m[2mRequest[0m[1m][0m
[35mCAP LS
PASS pwd
NICK cha
USER jhpark jhpark localhost :Jee Hyun Park
[0m
[1m[[0m[2mHandling[0m[1m][0m
CAP LS
command: CAP
request: LS
PASS pwd
command: PASS
request: pwd
[30;43mPassword sent[0mpwd
NICK cha
command: NICK
request: cha
USER jhpark jhpark localhost :Jee Hyun Park
command: USER
request: jhpark jhpark localhost :Jee Hyun Park
[31mUsername : [0mjhpark | Realname : Jee Hyun Park

client no.0: jee[2m	[6][0m
client no.1: cha[2m	[7][0m
********************************************

             [2m#3[0m
************ Received from client **********

[1m[[0m[2mRequest[0m[1m][0m
[35mMODE cha +i
MODE cha +i
[0m
[1m[[0m[2mHandling[0m[1m][0m
MODE cha +i
command: MODE
request: cha +i
MODE cha +i
command: MODE
request: cha +i

client no.0: jee[2m	[6][0m
client no.1: cha[2m	[7][0m
********************************************

             [2m#4[0m
************ Received from client **********

[1m[[0m[2mRequest[0m[1m][0m
[35mPING pouetMania
[0m
[1m[[0m[2mHandling[0m[1m][0m
PING pouetMania
command: PING
request: pouetMania

client no.0: jee[2m	[6][0m
client no.1: cha[2m	[7][0m
********************************************

             [2m#5[0m
************ Received from client **********

[1m[[0m[2mRequest[0m[1m][0m
[35mJOIN #c1
[0m
[1m[[0m[2mHandling[0m[1m][0m
JOIN #c1
command: JOIN
request: #c1
[34m[JOIN - handleRequest]
[0m[34m[JOIN - parseArgument]
[0mchannelArg:<#c1>
keyArg:<>
channelListSize:<1>
keyListSize:<0>
[33m#c1 [0m
[0m
[34m[JOIN - action]
[0m[33mchannel<#c1>
Available channels: 
[34m
adding channel to client:

[Add Channel]
[33m#c1
[0m
final message:<>
before clear: size [33m0[0m
after clear: size [33m0[0m

client no.0: jee[2m	[6][0m
client no.1: cha[2m	[7][0m
********************************************

             [2m#6[0m
************ Received from client **********

[1m[[0m[2mRequest[0m[1m][0m
[35mMODE #c1
[0m
[1m[[0m[2mHandling[0m[1m][0m
MODE #c1
command: MODE
request: #c1

client no.0: jee[2m	[6][0m
client no.1: cha[2m	[7][0m
********************************************

             [2m#7[0m
************ Received from client **********

[1m[[0m[2mRequest[0m[1m][0m
[35mPING pouetMania
[0m
[1m[[0m[2mHandling[0m[1m][0m
PING pouetMania
command: PING
request: pouetMania

client no.0: jee[2m	[6][0m
client no.1: cha[2m	[7][0m
********************************************

             [2m#8[0m
************ Received from client **********

[1m[[0m[2mRequest[0m[1m][0m
[35mJOIN #c1
[0m
[1m[[0m[2mHandling[0m[1m][0m
JOIN #c1
command: JOIN
request: #c1
[34m[JOIN - handleRequest]
[0m[34m[JOIN - parseArgument]
[0mchannelArg:<#c1>
keyArg:<>
channelListSize:<1>
keyListSize:<0>
[33m#c1 [0m
[0m
[34m[JOIN - action]
[0m[33mchannel<#c1>
Available channels: #c1 
trying to login with key

[Add Channel]
[33m#c1
[0m
final message:<>
before clear: size [33m0[0m
after clear: size [33m0[0m

client no.0: jee[2m	[6][0m
client no.1: cha[2m	[7][0m
********************************************

             [2m#9[0m
************ Received from client **********

[1m[[0m[2mRequest[0m[1m][0m
[35mMODE #c1
[0m
[1m[[0m[2mHandling[0m[1m][0m
MODE #c1
command: MODE
request: #c1

client no.0: jee[2m	[6][0m
client no.1: cha[2m	[7][0m
********************************************

             [2m#10[0m
************ Received from client **********

[1m[[0m[2mRequest[0m[1m][0m
[35mJOIN #0
[0m
[1m[[0m[2mHandling[0m[1m][0m
JOIN #0
command: JOIN
request: #0
[34m[JOIN - handleRequest]
[0m
[leaveAllChannels]
[33m#c1
[0m

client no.0: jee[2m	[6][0m
client no.1: cha[2m	[7][0m
********************************************
